12:08:24.382  [INFO ] e.v.t.u.MainApp msg: Bootstrapping the application...
12:08:25.370  [INFO ] e.v.t.c.MainAppFXMLController msg: Initializing MainAppController...
12:08:27.788  [INFO ] e.v.t.c.MainAppFXMLController msg: Play button has been clicked...
12:08:28.397  [INFO ] e.v.t.c.MainAppFXMLController msg: Play button has been clicked...
12:08:29.052  [INFO ] e.v.t.c.SecondaryFXMLController msg: Initializing MainAppController...
12:08:29.053  [INFO ] e.v.t.c.MainAppFXMLController msg: Loaded the secondary scene...
12:08:29.678  [INFO ] e.v.t.c.SecondaryFXMLController msg: Loaded the primary scene...
12:08:30.173  [INFO ] e.v.t.c.MainAppFXMLController msg: Play button has been clicked...
12:08:30.604  [INFO ] e.v.t.c.MainAppFXMLController msg: Loaded the secondary scene...
12:08:31.268  [INFO ] e.v.t.c.SecondaryFXMLController msg: Loaded the primary scene...
12:08:31.828  [INFO ] e.v.t.c.MainAppFXMLController msg: Play button has been clicked...
12:11:14.336  [INFO ] e.v.t.u.MainApp msg: Bootstrapping the application...
12:11:14.679  [ERROR] e.v.t.u.MainApp msg: Controller value already specified.
/C:/Users/letua/Downloads/super-spheres/build/resources/main/fxml/StartPage_layout.fxml:9

javafx.fxml.LoadException: Controller value already specified.
/C:/Users/letua/Downloads/super-spheres/build/resources/main/fxml/StartPage_layout.fxml:9

	at javafx.fxml@22.0.2/javafx.fxml.FXMLLoader.constructLoadException(FXMLLoader.java:2723)
	at javafx.fxml@22.0.2/javafx.fxml.FXMLLoader$ValueElement.processAttribute(FXMLLoader.java:927)
	at javafx.fxml@22.0.2/javafx.fxml.FXMLLoader$InstanceDeclarationElement.processAttribute(FXMLLoader.java:983)
	at javafx.fxml@22.0.2/javafx.fxml.FXMLLoader$Element.processStartElement(FXMLLoader.java:230)
	at javafx.fxml@22.0.2/javafx.fxml.FXMLLoader$ValueElement.processStartElement(FXMLLoader.java:757)
	at javafx.fxml@22.0.2/javafx.fxml.FXMLLoader.processStartElement(FXMLLoader.java:2858)
	at javafx.fxml@22.0.2/javafx.fxml.FXMLLoader.loadImpl(FXMLLoader.java:2654)
	at javafx.fxml@22.0.2/javafx.fxml.FXMLLoader.loadImpl(FXMLLoader.java:2568)
	at javafx.fxml@22.0.2/javafx.fxml.FXMLLoader.load(FXMLLoader.java:2536)
	at edu.vanier.template.helpers.FxUIHelper.loadFXML(FxUIHelper.java:50)
	at edu.vanier.template.ui.MainApp.start(MainApp.java:47)
	at javafx.graphics@22.0.2/com.sun.javafx.application.LauncherImpl.lambda$launchApplication1$9(LauncherImpl.java:839)
	at javafx.graphics@22.0.2/com.sun.javafx.application.PlatformImpl.lambda$runAndWait$12(PlatformImpl.java:483)
	at javafx.graphics@22.0.2/com.sun.javafx.application.PlatformImpl.lambda$runLater$10(PlatformImpl.java:456)
	at java.base/java.security.AccessController.doPrivileged(AccessController.java:400)
	at javafx.graphics@22.0.2/com.sun.javafx.application.PlatformImpl.lambda$runLater$11(PlatformImpl.java:455)
	at javafx.graphics@22.0.2/com.sun.glass.ui.InvokeLaterDispatcher$Future.run(InvokeLaterDispatcher.java:95)
	at javafx.graphics@22.0.2/com.sun.glass.ui.win.WinApplication._runLoop(Native Method)
	at javafx.graphics@22.0.2/com.sun.glass.ui.win.WinApplication.lambda$runLoop$3(WinApplication.java:184)
	at java.base/java.lang.Thread.run(Thread.java:1570)
12:14:41.159  [INFO ] e.v.t.u.MainApp msg: Bootstrapping the application...
12:14:41.361  [ERROR] e.v.t.u.MainApp msg: Controller value already specified.
/C:/Users/letua/Downloads/super-spheres/build/resources/main/fxml/StartPage_layout.fxml:9

javafx.fxml.LoadException: Controller value already specified.
/C:/Users/letua/Downloads/super-spheres/build/resources/main/fxml/StartPage_layout.fxml:9

	at javafx.fxml@22.0.2/javafx.fxml.FXMLLoader.constructLoadException(FXMLLoader.java:2723)
	at javafx.fxml@22.0.2/javafx.fxml.FXMLLoader$ValueElement.processAttribute(FXMLLoader.java:927)
	at javafx.fxml@22.0.2/javafx.fxml.FXMLLoader$InstanceDeclarationElement.processAttribute(FXMLLoader.java:983)
	at javafx.fxml@22.0.2/javafx.fxml.FXMLLoader$Element.processStartElement(FXMLLoader.java:230)
	at javafx.fxml@22.0.2/javafx.fxml.FXMLLoader$ValueElement.processStartElement(FXMLLoader.java:757)
	at javafx.fxml@22.0.2/javafx.fxml.FXMLLoader.processStartElement(FXMLLoader.java:2858)
	at javafx.fxml@22.0.2/javafx.fxml.FXMLLoader.loadImpl(FXMLLoader.java:2654)
	at javafx.fxml@22.0.2/javafx.fxml.FXMLLoader.loadImpl(FXMLLoader.java:2568)
	at javafx.fxml@22.0.2/javafx.fxml.FXMLLoader.load(FXMLLoader.java:2536)
	at edu.vanier.template.helpers.FxUIHelper.loadFXML(FxUIHelper.java:50)
	at edu.vanier.template.ui.MainApp.start(MainApp.java:48)
	at javafx.graphics@22.0.2/com.sun.javafx.application.LauncherImpl.lambda$launchApplication1$9(LauncherImpl.java:839)
	at javafx.graphics@22.0.2/com.sun.javafx.application.PlatformImpl.lambda$runAndWait$12(PlatformImpl.java:483)
	at javafx.graphics@22.0.2/com.sun.javafx.application.PlatformImpl.lambda$runLater$10(PlatformImpl.java:456)
	at java.base/java.security.AccessController.doPrivileged(AccessController.java:400)
	at javafx.graphics@22.0.2/com.sun.javafx.application.PlatformImpl.lambda$runLater$11(PlatformImpl.java:455)
	at javafx.graphics@22.0.2/com.sun.glass.ui.InvokeLaterDispatcher$Future.run(InvokeLaterDispatcher.java:95)
	at javafx.graphics@22.0.2/com.sun.glass.ui.win.WinApplication._runLoop(Native Method)
	at javafx.graphics@22.0.2/com.sun.glass.ui.win.WinApplication.lambda$runLoop$3(WinApplication.java:184)
	at java.base/java.lang.Thread.run(Thread.java:1570)
12:18:53.659  [INFO ] e.v.t.u.MainApp msg: Bootstrapping the application...
12:18:53.869  [ERROR] e.v.t.u.MainApp msg: Controller value already specified.
/C:/Users/letua/Downloads/super-spheres/build/resources/main/fxml/StartPage_layout.fxml:9

javafx.fxml.LoadException: Controller value already specified.
/C:/Users/letua/Downloads/super-spheres/build/resources/main/fxml/StartPage_layout.fxml:9

	at javafx.fxml@22.0.2/javafx.fxml.FXMLLoader.constructLoadException(FXMLLoader.java:2723)
	at javafx.fxml@22.0.2/javafx.fxml.FXMLLoader$ValueElement.processAttribute(FXMLLoader.java:927)
	at javafx.fxml@22.0.2/javafx.fxml.FXMLLoader$InstanceDeclarationElement.processAttribute(FXMLLoader.java:983)
	at javafx.fxml@22.0.2/javafx.fxml.FXMLLoader$Element.processStartElement(FXMLLoader.java:230)
	at javafx.fxml@22.0.2/javafx.fxml.FXMLLoader$ValueElement.processStartElement(FXMLLoader.java:757)
	at javafx.fxml@22.0.2/javafx.fxml.FXMLLoader.processStartElement(FXMLLoader.java:2858)
	at javafx.fxml@22.0.2/javafx.fxml.FXMLLoader.loadImpl(FXMLLoader.java:2654)
	at javafx.fxml@22.0.2/javafx.fxml.FXMLLoader.loadImpl(FXMLLoader.java:2568)
	at javafx.fxml@22.0.2/javafx.fxml.FXMLLoader.load(FXMLLoader.java:2536)
	at edu.vanier.template.helpers.FxUIHelper.loadFXML(FxUIHelper.java:50)
	at edu.vanier.template.ui.MainApp.start(MainApp.java:49)
	at javafx.graphics@22.0.2/com.sun.javafx.application.LauncherImpl.lambda$launchApplication1$9(LauncherImpl.java:839)
	at javafx.graphics@22.0.2/com.sun.javafx.application.PlatformImpl.lambda$runAndWait$12(PlatformImpl.java:483)
	at javafx.graphics@22.0.2/com.sun.javafx.application.PlatformImpl.lambda$runLater$10(PlatformImpl.java:456)
	at java.base/java.security.AccessController.doPrivileged(AccessController.java:400)
	at javafx.graphics@22.0.2/com.sun.javafx.application.PlatformImpl.lambda$runLater$11(PlatformImpl.java:455)
	at javafx.graphics@22.0.2/com.sun.glass.ui.InvokeLaterDispatcher$Future.run(InvokeLaterDispatcher.java:95)
	at javafx.graphics@22.0.2/com.sun.glass.ui.win.WinApplication._runLoop(Native Method)
	at javafx.graphics@22.0.2/com.sun.glass.ui.win.WinApplication.lambda$runLoop$3(WinApplication.java:184)
	at java.base/java.lang.Thread.run(Thread.java:1570)
12:23:29.068  [INFO ] e.v.t.u.MainApp msg: Bootstrapping the application...
12:23:29.280  [ERROR] e.v.t.u.MainApp msg: Controller value already specified.
/C:/Users/letua/Downloads/super-spheres/build/resources/main/fxml/StartPage_layout.fxml:9

javafx.fxml.LoadException: Controller value already specified.
/C:/Users/letua/Downloads/super-spheres/build/resources/main/fxml/StartPage_layout.fxml:9

	at javafx.fxml@22.0.2/javafx.fxml.FXMLLoader.constructLoadException(FXMLLoader.java:2723)
	at javafx.fxml@22.0.2/javafx.fxml.FXMLLoader$ValueElement.processAttribute(FXMLLoader.java:927)
	at javafx.fxml@22.0.2/javafx.fxml.FXMLLoader$InstanceDeclarationElement.processAttribute(FXMLLoader.java:983)
	at javafx.fxml@22.0.2/javafx.fxml.FXMLLoader$Element.processStartElement(FXMLLoader.java:230)
	at javafx.fxml@22.0.2/javafx.fxml.FXMLLoader$ValueElement.processStartElement(FXMLLoader.java:757)
	at javafx.fxml@22.0.2/javafx.fxml.FXMLLoader.processStartElement(FXMLLoader.java:2858)
	at javafx.fxml@22.0.2/javafx.fxml.FXMLLoader.loadImpl(FXMLLoader.java:2654)
	at javafx.fxml@22.0.2/javafx.fxml.FXMLLoader.loadImpl(FXMLLoader.java:2568)
	at javafx.fxml@22.0.2/javafx.fxml.FXMLLoader.load(FXMLLoader.java:2536)
	at edu.vanier.template.helpers.FxUIHelper.loadFXML(FxUIHelper.java:50)
	at edu.vanier.template.ui.MainApp.start(MainApp.java:49)
	at javafx.graphics@22.0.2/com.sun.javafx.application.LauncherImpl.lambda$launchApplication1$9(LauncherImpl.java:839)
	at javafx.graphics@22.0.2/com.sun.javafx.application.PlatformImpl.lambda$runAndWait$12(PlatformImpl.java:483)
	at javafx.graphics@22.0.2/com.sun.javafx.application.PlatformImpl.lambda$runLater$10(PlatformImpl.java:456)
	at java.base/java.security.AccessController.doPrivileged(AccessController.java:400)
	at javafx.graphics@22.0.2/com.sun.javafx.application.PlatformImpl.lambda$runLater$11(PlatformImpl.java:455)
	at javafx.graphics@22.0.2/com.sun.glass.ui.InvokeLaterDispatcher$Future.run(InvokeLaterDispatcher.java:95)
	at javafx.graphics@22.0.2/com.sun.glass.ui.win.WinApplication._runLoop(Native Method)
	at javafx.graphics@22.0.2/com.sun.glass.ui.win.WinApplication.lambda$runLoop$3(WinApplication.java:184)
	at java.base/java.lang.Thread.run(Thread.java:1570)
12:24:16.908  [INFO ] e.v.t.u.MainApp msg: Bootstrapping the application...
12:34:36.480  [INFO ] e.v.t.u.MainApp msg: Bootstrapping the application...
12:41:05.447  [INFO ] e.v.t.u.MainApp msg: Bootstrapping the application...
12:42:27.313  [INFO ] e.v.t.u.MainApp msg: Bootstrapping the application...
12:43:39.518  [INFO ] e.v.t.u.MainApp msg: Bootstrapping the application...
12:43:42.307  [INFO ] e.v.t.c.SecondaryFXMLController msg: Initializing MainAppController...
12:43:43.974  [INFO ] e.v.t.c.SecondaryFXMLController msg: Loaded the primary scene...
12:43:44.990  [INFO ] e.v.t.c.SecondaryFXMLController msg: Loaded the primary scene...
12:43:45.302  [INFO ] e.v.t.c.SecondaryFXMLController msg: Loaded the primary scene...
12:43:45.501  [INFO ] e.v.t.c.SecondaryFXMLController msg: Loaded the primary scene...
12:44:02.566  [INFO ] e.v.t.u.MainApp msg: Bootstrapping the application...
12:44:04.891  [INFO ] e.v.t.c.SecondaryFXMLController msg: Initializing MainAppController...
12:44:18.020  [INFO ] e.v.t.c.SecondaryFXMLController msg: Loaded the primary scene...
12:49:15.776  [INFO ] e.v.t.u.MainApp msg: Bootstrapping the application...
12:49:17.923  [INFO ] e.v.t.c.SecondaryFXMLController msg: Initializing MainAppController...
12:49:19.836  [INFO ] e.v.t.c.MainAppFXMLController msg: Initializing MainAppController...
12:49:19.944  [INFO ] e.v.t.c.SecondaryFXMLController msg: Loaded the primary scene...
12:49:20.371  [INFO ] e.v.t.c.SecondaryFXMLController msg: Loaded the primary scene...
12:49:20.544  [INFO ] e.v.t.c.SecondaryFXMLController msg: Loaded the primary scene...
12:50:37.835  [INFO ] e.v.t.u.MainApp msg: Bootstrapping the application...
12:50:41.164  [INFO ] e.v.t.c.SecondaryFXMLController msg: Initializing MainAppController...
12:50:43.104  [INFO ] e.v.t.c.MainAppFXMLController msg: Initializing MainAppController...
12:50:43.208  [INFO ] e.v.t.c.SecondaryFXMLController msg: Loaded the primary scene...
12:52:25.063  [INFO ] e.v.t.u.MainApp msg: Bootstrapping the application...
12:52:27.299  [INFO ] e.v.t.c.SecondaryFXMLController msg: Initializing MainAppController...
12:52:28.554  [INFO ] e.v.t.c.MainAppFXMLController msg: Initializing MainAppController...
12:52:28.675  [INFO ] e.v.t.c.SecondaryFXMLController msg: Loaded the primary scene...
12:56:53.379  [INFO ] e.v.t.u.MainApp msg: Bootstrapping the application...
12:56:56.896  [INFO ] e.v.t.c.SecondaryFXMLController msg: Initializing MainAppController...
12:56:58.392  [INFO ] e.v.t.c.MainAppFXMLController msg: Initializing MainAppController...
12:56:58.496  [INFO ] e.v.t.c.SecondaryFXMLController msg: Loaded the primary scene...
12:57:01.330  [INFO ] e.v.t.c.MainAppFXMLController msg: Play button has been clicked...
12:57:02.321  [INFO ] e.v.t.c.MainAppFXMLController msg: Loaded the secondary scene...
12:57:03.249  [INFO ] e.v.t.c.SecondaryFXMLController msg: Loaded the primary scene...
12:57:03.940  [INFO ] e.v.t.c.MainAppFXMLController msg: Loaded the secondary scene...
12:57:04.741  [INFO ] e.v.t.c.SecondaryFXMLController msg: Loaded the primary scene...
12:57:05.638  [INFO ] e.v.t.c.MainAppFXMLController msg: Loaded the secondary scene...
12:57:06.458  [INFO ] e.v.t.c.SecondaryFXMLController msg: Loaded the primary scene...
